<?xml version="1.0" encoding="UTF-8"?>
<!-- Generated by org.testng.reporters.JUnitReportReporter -->
<testsuite name="ExtentReport.ExtentReportsClass" tests="1" time="50.117" ignored="0" failures="0" timestamp="28 Jan 2021 15:32:35 GMT" skipped="0" hostname="PAL-BLR-SHWETHA" errors="0">
  <testcase name="PaladionNetworksWithAzureAndOffice365" time="50.117" classname="ExtentReport.ExtentReportsClass"/>
</testsuite> <!-- ExtentReport.ExtentReportsClass -->
