<?xml version="1.0" encoding="UTF-8"?>
<!-- Generated by org.testng.reporters.JUnitReportReporter -->
<testsuite name="abcd.sikuli" tests="1" time="16.098" ignored="0" failures="0" timestamp="25 Jan 2021 11:35:16 GMT" skipped="0" hostname="PAL-BLR-SHWETHA" errors="1">
  <testcase name="sikuli" time="16.098" classname="abcd.sikuli">
    <error type="org.sikuli.script.FindFailed" message="C:\Users\pal\Downloads\DailyHealthCheckCode-master\TestScreenShotDemo\sikuliImages\fb.png: (321x98) in R[0,0 1280x720]@S(0)">
      <![CDATA[FindFailed: C:\Users\pal\Downloads\DailyHealthCheckCode-master\TestScreenShotDemo\sikuliImages\fb.png: (321x98) in R[0,0 1280x720]@S(0)
  Line 2215, in file Region.java

	at org.sikuli.script.Region.wait(Region.java:2215)
	at org.sikuli.script.Region.wait(Region.java:2233)
	at org.sikuli.script.Region.getLocationFromTarget(Region.java:3173)
	at org.sikuli.script.Region.click(Region.java:3791)
	at org.sikuli.script.Region.click(Region.java:3767)
	at abcd.sikuli.sikuli(sikuli.java:26)
	at sun.reflect.NativeMethodAccessorImpl.invoke0(Native Method)
	at sun.reflect.NativeMethodAccessorImpl.invoke(NativeMethodAccessorImpl.java:62)
	at sun.reflect.DelegatingMethodAccessorImpl.invoke(DelegatingMethodAccessorImpl.java:43)
	at java.lang.reflect.Method.invoke(Method.java:498)
	at org.testng.internal.MethodInvocationHelper.invokeMethod(MethodInvocationHelper.java:104)
	at org.testng.internal.Invoker.invokeMethod(Invoker.java:645)
	at org.testng.internal.Invoker.invokeTestMethod(Invoker.java:851)
	at org.testng.internal.Invoker.invokeTestMethods(Invoker.java:1177)
	at org.testng.internal.TestMethodWorker.invokeTestMethods(TestMethodWorker.java:129)
	at org.testng.internal.TestMethodWorker.run(TestMethodWorker.java:112)
	at org.testng.TestRunner.privateRun(TestRunner.java:756)
	at org.testng.TestRunner.run(TestRunner.java:610)
	at org.testng.SuiteRunner.runTest(SuiteRunner.java:387)
	at org.testng.SuiteRunner.runSequentially(SuiteRunner.java:382)
	at org.testng.SuiteRunner.privateRun(SuiteRunner.java:340)
	at org.testng.SuiteRunner.run(SuiteRunner.java:289)
	at org.testng.SuiteRunnerWorker.runSuite(SuiteRunnerWorker.java:52)
	at org.testng.SuiteRunnerWorker.run(SuiteRunnerWorker.java:86)
	at org.testng.TestNG.runSuitesSequentially(TestNG.java:1293)
	at org.testng.TestNG.runSuitesLocally(TestNG.java:1218)
	at org.testng.TestNG.runSuites(TestNG.java:1133)
	at org.testng.TestNG.run(TestNG.java:1104)
	at org.testng.remote.AbstractRemoteTestNG.run(AbstractRemoteTestNG.java:132)
	at org.testng.remote.RemoteTestNG.initAndRun(RemoteTestNG.java:236)
	at org.testng.remote.RemoteTestNG.main(RemoteTestNG.java:81)
]]>
    </error>
  </testcase> <!-- sikuli -->
</testsuite> <!-- abcd.sikuli -->
