<?xml version="1.0" encoding="UTF-8"?>
<!-- Generated by org.testng.reporters.JUnitReportReporter -->
<testsuite skipped="0" hostname="PAL-BLR-VINU" name="ExtentReport.ExtenReportWithHttpsImpl" tests="1" failures="0" timestamp="10 Jan 2021 05:22:44 GMT" time="31.528" errors="0">
  <testcase name="GodigitAzureO365" time="31.528" classname="ExtentReport.ExtenReportWithHttpsImpl"/>
</testsuite> <!-- ExtentReport.ExtenReportWithHttpsImpl -->
